2023-08-16 09:52:45,822 p=32708 u=test |  PLAY [create config variables] ***********************************************************************************************************************************************
2023-08-16 09:52:45,966 p=32708 u=test |  TASK [config-variables : Verify config] **************************************************************************************************************************************
2023-08-16 09:52:45,969 p=32708 u=test |  ok: [localhost] => {
    "msg": "Presence_4.5.3"
}
2023-08-16 09:52:46,806 p=32708 u=test |  TASK [config-variables : Site name] ******************************************************************************************************************************************
2023-08-16 09:52:46,807 p=32708 u=test |  changed: [localhost]
2023-08-16 09:52:47,496 p=32708 u=test |  TASK [config-variables : Find old files(presence.ini)] ***********************************************************************************************************************
2023-08-16 09:52:47,497 p=32708 u=test |  ok: [localhost]
2023-08-16 09:52:48,065 p=32708 u=test |  TASK [config-variables : Find old files(presence.ini)] ***********************************************************************************************************************
2023-08-16 09:52:48,066 p=32708 u=test |  ok: [localhost]
2023-08-16 09:52:48,251 p=32708 u=test |  TASK [config-variables : read ne information] ********************************************************************************************************************************
2023-08-16 09:52:48,252 p=32708 u=test |  ok: [localhost]
2023-08-16 09:52:48,341 p=32708 u=test |   [WARNING]: Unable to find '../file/VMConfig-Presence-FN3.csv' in expected paths (use -vvvvv to see paths)

2023-08-16 09:52:48,352 p=32708 u=test |  TASK [config-variables : Create Variable host file (vmconfig presence.ini)] **************************************************************************************************
2023-08-16 09:52:48,353 p=32708 u=test |  fatal: [localhost]: FAILED! => {"msg": "An unhandled exception occurred while running the lookup plugin 'file'. Error was a <class 'ansible.errors.AnsibleError'>, original message: could not locate file in lookup: ../file/VMConfig-Presence-FN3.csv"}
2023-08-16 09:52:48,354 p=32708 u=test |  NO MORE HOSTS LEFT ***********************************************************************************************************************************************************
2023-08-16 09:52:48,357 p=32708 u=test |  	to retry, use: --limit @/home/test/PS/ANSIBLE/GIT/presence/mcptx-r4.5.3-presence-script/02-mcptx-vmconfig-presence/playbook/00-presence-variable.retry

2023-08-16 09:52:48,357 p=32708 u=test |  PLAY RECAP *******************************************************************************************************************************************************************
2023-08-16 09:52:48,358 p=32708 u=test |  localhost                  : ok=5    changed=1    unreachable=0    failed=1   
2023-10-11 17:29:55,201 p=24189 u=test |   [WARNING]: Unable to parse /home/test/PS/ANSIBLE/GIT/presence/mcptx-r4.5.3-presence-script/02-mcptx-vmconfig-
presence/inventory/presence.ini as an inventory source

2023-10-11 17:29:55,202 p=24189 u=test |   [WARNING]: No inventory was parsed, only implicit localhost is available

2023-10-11 17:29:55,219 p=24189 u=test |   [WARNING]: provided hosts list is empty, only localhost is available. Note that the implicit localhost does not match 'all'

2023-10-11 17:29:57,408 p=24189 u=test |   [WARNING]: Could not match supplied host pattern, ignoring: presence

2023-10-11 17:29:57,408 p=24189 u=test |  PLAY [backup check] ***************************************************************************************************************
2023-10-11 17:29:57,408 p=24189 u=test |  skipping: no hosts matched
2023-10-11 17:29:57,419 p=24189 u=test |   [WARNING]: Could not match supplied host pattern, ignoring: ems

2023-10-11 17:29:57,419 p=24189 u=test |  PLAY [backup ssl key] *************************************************************************************************************
2023-10-11 17:29:57,419 p=24189 u=test |  skipping: no hosts matched
2023-10-11 17:29:57,430 p=24189 u=test |   [WARNING]: Could not match supplied host pattern, ignoring: xdms

2023-10-11 17:29:57,430 p=24189 u=test |  PLAY [backup access token] ********************************************************************************************************
2023-10-11 17:29:57,430 p=24189 u=test |  skipping: no hosts matched
2023-10-11 17:29:57,443 p=24189 u=test |  PLAY [Backup nems Process config] *************************************************************************************************
2023-10-11 17:29:57,444 p=24189 u=test |  skipping: no hosts matched
2023-10-11 17:29:57,458 p=24189 u=test |   [WARNING]: Could not match supplied host pattern, ignoring: ps

2023-10-11 17:29:57,458 p=24189 u=test |  PLAY [Backup rcs_ps.exe Process config] *******************************************************************************************
2023-10-11 17:29:57,459 p=24189 u=test |  skipping: no hosts matched
2023-10-11 17:29:57,472 p=24189 u=test |  PLAY [Backup rcs_xdms.exe config] *************************************************************************************************
2023-10-11 17:29:57,472 p=24189 u=test |  skipping: no hosts matched
2023-10-11 17:29:57,486 p=24189 u=test |   [WARNING]: Could not match supplied host pattern, ignoring: db

2023-10-11 17:29:57,487 p=24189 u=test |  PLAY [Backup clay config] *********************************************************************************************************
2023-10-11 17:29:57,487 p=24189 u=test |  skipping: no hosts matched
2023-10-11 17:29:57,502 p=24189 u=test |  PLAY [Backup emsdb data] **********************************************************************************************************
2023-10-11 17:29:57,502 p=24189 u=test |  skipping: no hosts matched
2023-10-11 17:29:57,515 p=24189 u=test |  PLAY [Backup Presencedb data] *****************************************************************************************************
2023-10-11 17:29:57,516 p=24189 u=test |  skipping: no hosts matched
2023-10-11 17:29:57,529 p=24189 u=test |   [WARNING]: Could not match supplied host pattern, ignoring: xdmsdb

2023-10-11 17:29:57,530 p=24189 u=test |  PLAY [Backup Presencedb data] *****************************************************************************************************
2023-10-11 17:29:57,530 p=24189 u=test |  skipping: no hosts matched
2023-10-11 17:29:57,544 p=24189 u=test |  PLAY [backup replication config] **************************************************************************************************
2023-10-11 17:29:57,544 p=24189 u=test |  skipping: no hosts matched
2023-10-11 17:29:57,557 p=24189 u=test |  PLAY [backup os config] ***********************************************************************************************************
2023-10-11 17:29:57,558 p=24189 u=test |  skipping: no hosts matched
2023-10-11 17:29:57,564 p=24189 u=test |  PLAY [backup files archive] *******************************************************************************************************
2023-10-11 17:29:57,564 p=24189 u=test |  skipping: no hosts matched
2023-10-11 17:29:57,565 p=24189 u=test |  PLAY RECAP ************************************************************************************************************************
2025-01-09 14:23:37,727 p=2885 u=dmeta n=ansible | ERROR! No argument passed to command module
2025-01-09 14:24:14,241 p=2888 u=dmeta n=ansible | arteva-qa | UNREACHABLE! => {
    "changed": false,
    "msg": "Failed to connect to the host via ssh: ssh: Could not resolve hostname arteva-qa: Temporary failure in name resolution",
    "unreachable": true
}
2025-01-09 14:28:22,304 p=2956 u=dmeta n=ansible | [WARNING]: Platform linux on host arteva-qa is using the discovered Python interpreter at /usr/bin/python3.11, but
future installation of another Python interpreter could change the meaning of that path. See
https://docs.ansible.com/ansible-core/2.17/reference_appendices/interpreter_discovery.html for more information.

2025-01-09 14:28:22,305 p=2956 u=dmeta n=ansible | arteva-qa | SUCCESS => {
    "ansible_facts": {
        "discovered_interpreter_python": "/usr/bin/python3.11"
    },
    "changed": false,
    "ping": "pong"
}
2025-01-09 14:30:56,255 p=2987 u=dmeta n=ansible | [WARNING]: Platform linux on host arteva-qa is using the discovered Python interpreter at /usr/bin/python3.11, but
future installation of another Python interpreter could change the meaning of that path. See
https://docs.ansible.com/ansible-core/2.17/reference_appendices/interpreter_discovery.html for more information.

2025-01-09 14:30:56,256 p=2987 u=dmeta n=ansible | arteva-qa | SUCCESS => {
    "ansible_facts": {
        "discovered_interpreter_python": "/usr/bin/python3.11"
    },
    "changed": false,
    "ping": "pong"
}
2025-01-09 14:39:12,908 p=3036 u=dmeta n=ansible | [WARNING]: Platform linux on host arteva-qa is using the discovered Python interpreter at /usr/bin/python3.11, but
future installation of another Python interpreter could change the meaning of that path. See
https://docs.ansible.com/ansible-core/2.17/reference_appendices/interpreter_discovery.html for more information.

2025-01-09 14:39:12,909 p=3036 u=dmeta n=ansible | arteva-qa | SUCCESS => {
    "ansible_facts": {
        "discovered_interpreter_python": "/usr/bin/python3.11"
    },
    "changed": false,
    "ping": "pong"
}
